{"D:\\smart-sure\\SmartSure-Insurance-Management-System-V9\\frontend\\src\\shared\\components\\UI.tsx": {"path":"D:\\smart-sure\\SmartSure-Insurance-Management-System-V9\\frontend\\src\\shared\\components\\UI.tsx","statementMap":{"0":{"start":{"line":5,"column":18},"end":{"line":5,"column":null}},"1":{"start":{"line":6,"column":2},"end":{"line":12,"column":null}},"2":{"start":{"line":18,"column":2},"end":{"line":32,"column":null}},"3":{"start":{"line":41,"column":18},"end":{"line":41,"column":null}},"4":{"start":{"line":42,"column":2},"end":{"line":56,"column":null}},"5":{"start":{"line":62,"column":2},"end":{"line":79,"column":null}},"6":{"start":{"line":86,"column":79},"end":{"line":101,"column":null}},"7":{"start":{"line":102,"column":12},"end":{"line":102,"column":null}},"8":{"start":{"line":103,"column":2},"end":{"line":107,"column":null}},"9":{"start":{"line":112,"column":2},"end":{"line":118,"column":null}},"10":{"start":{"line":124,"column":2},"end":{"line":131,"column":null}},"11":{"start":{"line":136,"column":22},"end":{"line":136,"column":null}},"12":{"start":{"line":137,"column":19},"end":{"line":143,"column":null}},"13":{"start":{"line":145,"column":2},"end":{"line":156,"column":null}},"14":{"start":{"line":162,"column":2},"end":{"line":162,"column":null}},"15":{"start":{"line":162,"column":15},"end":{"line":162,"column":null}},"16":{"start":{"line":163,"column":22},"end":{"line":163,"column":null}},"17":{"start":{"line":165,"column":2},"end":{"line":179,"column":null}},"18":{"start":{"line":171,"column":24},"end":{"line":171,"column":43}},"19":{"start":{"line":186,"column":18},"end":{"line":186,"column":null}},"20":{"start":{"line":187,"column":2},"end":{"line":200,"column":null}},"21":{"start":{"line":206,"column":19},"end":{"line":206,"column":null}},"22":{"start":{"line":207,"column":2},"end":{"line":221,"column":null}},"23":{"start":{"line":227,"column":17},"end":{"line":227,"column":null}},"24":{"start":{"line":228,"column":2},"end":{"line":242,"column":null}},"25":{"start":{"line":248,"column":16},"end":{"line":252,"column":8}},"26":{"start":{"line":249,"column":14},"end":{"line":249,"column":null}},"27":{"start":{"line":250,"column":4},"end":{"line":250,"column":null}},"28":{"start":{"line":251,"column":4},"end":{"line":251,"column":null}},"29":{"start":{"line":254,"column":16},"end":{"line":254,"column":null}},"30":{"start":{"line":255,"column":41},"end":{"line":263,"column":null}},"31":{"start":{"line":265,"column":23},"end":{"line":265,"column":null}},"32":{"start":{"line":266,"column":17},"end":{"line":271,"column":null}},"33":{"start":{"line":267,"column":21},"end":{"line":267,"column":null}},"34":{"start":{"line":268,"column":18},"end":{"line":268,"column":null}},"35":{"start":{"line":269,"column":4},"end":{"line":269,"column":null}},"36":{"start":{"line":270,"column":4},"end":{"line":270,"column":null}},"37":{"start":{"line":273,"column":2},"end":{"line":293,"column":null}},"38":{"start":{"line":276,"column":32},"end":{"line":276,"column":null}},"39":{"start":{"line":277,"column":33},"end":{"line":277,"column":null}},"40":{"start":{"line":278,"column":8},"end":{"line":290,"column":null}}},"fnMap":{"0":{"name":"LoadingSpinner","decl":{"start":{"line":4,"column":16},"end":{"line":4,"column":31}},"loc":{"start":{"line":4,"column":79},"end":{"line":12,"column":null}},"line":4},"1":{"name":"ErrorMessage","decl":{"start":{"line":17,"column":16},"end":{"line":17,"column":29}},"loc":{"start":{"line":17,"column":94},"end":{"line":32,"column":null}},"line":17},"2":{"name":"EmptyState","decl":{"start":{"line":40,"column":16},"end":{"line":40,"column":27}},"loc":{"start":{"line":40,"column":179},"end":{"line":56,"column":null}},"line":40},"3":{"name":"StatCard","decl":{"start":{"line":61,"column":16},"end":{"line":61,"column":25}},"loc":{"start":{"line":61,"column":74},"end":{"line":79,"column":null}},"line":61},"4":{"name":"Badge","decl":{"start":{"line":85,"column":16},"end":{"line":85,"column":22}},"loc":{"start":{"line":85,"column":55},"end":{"line":107,"column":null}},"line":85},"5":{"name":"PageHeader","decl":{"start":{"line":111,"column":16},"end":{"line":111,"column":27}},"loc":{"start":{"line":111,"column":120},"end":{"line":118,"column":null}},"line":111},"6":{"name":"Card","decl":{"start":{"line":123,"column":16},"end":{"line":123,"column":21}},"loc":{"start":{"line":123,"column":209},"end":{"line":131,"column":null}},"line":123},"7":{"name":"Button","decl":{"start":{"line":135,"column":16},"end":{"line":135,"column":23}},"loc":{"start":{"line":135,"column":137},"end":{"line":156,"column":null}},"line":135},"8":{"name":"Modal","decl":{"start":{"line":161,"column":16},"end":{"line":161,"column":22}},"loc":{"start":{"line":161,"column":78},"end":{"line":179,"column":null}},"line":161},"9":{"name":"(anonymous_9)","decl":{"start":{"line":171,"column":8},"end":{"line":171,"column":18}},"loc":{"start":{"line":171,"column":24},"end":{"line":171,"column":43}},"line":171},"10":{"name":"Input","decl":{"start":{"line":185,"column":16},"end":{"line":185,"column":22}},"loc":{"start":{"line":185,"column":59},"end":{"line":200,"column":null}},"line":185},"11":{"name":"Select","decl":{"start":{"line":205,"column":16},"end":{"line":205,"column":23}},"loc":{"start":{"line":205,"column":70},"end":{"line":221,"column":null}},"line":205},"12":{"name":"Textarea","decl":{"start":{"line":226,"column":16},"end":{"line":226,"column":25}},"loc":{"start":{"line":226,"column":62},"end":{"line":242,"column":null}},"line":226},"13":{"name":"ChartDonut","decl":{"start":{"line":247,"column":16},"end":{"line":247,"column":27}},"loc":{"start":{"line":247,"column":47},"end":{"line":293,"column":null}},"line":247},"14":{"name":"(anonymous_14)","decl":{"start":{"line":248,"column":21},"end":{"line":248,"column":29}},"loc":{"start":{"line":248,"column":50},"end":{"line":252,"column":7}},"line":248},"15":{"name":"(anonymous_15)","decl":{"start":{"line":266,"column":39},"end":{"line":266,"column":44}},"loc":{"start":{"line":266,"column":79},"end":{"line":271,"column":null}},"line":266},"16":{"name":"(anonymous_16)","decl":{"start":{"line":275,"column":14},"end":{"line":275,"column":19}},"loc":{"start":{"line":275,"column":32},"end":{"line":290,"column":null}},"line":275}},"branchMap":{"0":{"loc":{"start":{"line":4,"column":33},"end":{"line":4,"column":79}},"type":"default-arg","locations":[{"start":{"line":4,"column":40},"end":{"line":4,"column":79}}],"line":4},"1":{"loc":{"start":{"line":26,"column":7},"end":{"line":32,"column":null}},"type":"binary-expr","locations":[{"start":{"line":26,"column":7},"end":{"line":26,"column":null}},{"start":{"line":27,"column":8},"end":{"line":32,"column":null}}],"line":26},"2":{"loc":{"start":{"line":41,"column":18},"end":{"line":41,"column":null}},"type":"binary-expr","locations":[{"start":{"line":41,"column":18},"end":{"line":41,"column":33}},{"start":{"line":41,"column":33},"end":{"line":41,"column":null}}],"line":41},"3":{"loc":{"start":{"line":44,"column":7},"end":{"line":48,"column":null}},"type":"binary-expr","locations":[{"start":{"line":44,"column":7},"end":{"line":44,"column":null}},{"start":{"line":45,"column":8},"end":{"line":48,"column":null}}],"line":44},"4":{"loc":{"start":{"line":51,"column":7},"end":{"line":54,"column":null}},"type":"binary-expr","locations":[{"start":{"line":51,"column":7},"end":{"line":51,"column":null}},{"start":{"line":52,"column":8},"end":{"line":54,"column":null}}],"line":51},"5":{"loc":{"start":{"line":73,"column":11},"end":{"line":76,"column":null}},"type":"binary-expr","locations":[{"start":{"line":73,"column":11},"end":{"line":73,"column":null}},{"start":{"line":74,"column":12},"end":{"line":76,"column":null}}],"line":73},"6":{"loc":{"start":{"line":102,"column":12},"end":{"line":102,"column":null}},"type":"binary-expr","locations":[{"start":{"line":102,"column":12},"end":{"line":102,"column":40}},{"start":{"line":102,"column":40},"end":{"line":102,"column":null}}],"line":102},"7":{"loc":{"start":{"line":106,"column":7},"end":{"line":106,"column":null}},"type":"binary-expr","locations":[{"start":{"line":106,"column":7},"end":{"line":106,"column":33}},{"start":{"line":106,"column":37},"end":{"line":106,"column":null}}],"line":106},"8":{"loc":{"start":{"line":116,"column":9},"end":{"line":117,"column":null}},"type":"binary-expr","locations":[{"start":{"line":116,"column":9},"end":{"line":116,"column":21}},{"start":{"line":116,"column":21},"end":{"line":117,"column":null}}],"line":116},"9":{"loc":{"start":{"line":123,"column":33},"end":{"line":123,"column":49}},"type":"default-arg","locations":[{"start":{"line":123,"column":45},"end":{"line":123,"column":49}}],"line":123},"10":{"loc":{"start":{"line":123,"column":65},"end":{"line":123,"column":209}},"type":"default-arg","locations":[{"start":{"line":123,"column":77},"end":{"line":123,"column":209}}],"line":123},"11":{"loc":{"start":{"line":126,"column":64},"end":{"line":126,"column":142}},"type":"cond-expr","locations":[{"start":{"line":126,"column":76},"end":{"line":126,"column":130}},{"start":{"line":126,"column":130},"end":{"line":126,"column":142}}],"line":126},"12":{"loc":{"start":{"line":135,"column":35},"end":{"line":135,"column":56}},"type":"default-arg","locations":[{"start":{"line":135,"column":45},"end":{"line":135,"column":56}}],"line":135},"13":{"loc":{"start":{"line":135,"column":84},"end":{"line":135,"column":100}},"type":"default-arg","locations":[{"start":{"line":135,"column":96},"end":{"line":135,"column":100}}],"line":135},"14":{"loc":{"start":{"line":135,"column":100},"end":{"line":135,"column":117}},"type":"default-arg","locations":[{"start":{"line":135,"column":107},"end":{"line":135,"column":117}}],"line":135},"15":{"loc":{"start":{"line":135,"column":117},"end":{"line":135,"column":137}},"type":"default-arg","locations":[{"start":{"line":135,"column":124},"end":{"line":135,"column":137}}],"line":135},"16":{"loc":{"start":{"line":149,"column":16},"end":{"line":149,"column":null}},"type":"binary-expr","locations":[{"start":{"line":149,"column":16},"end":{"line":149,"column":28}},{"start":{"line":149,"column":28},"end":{"line":149,"column":null}}],"line":149},"17":{"loc":{"start":{"line":153,"column":7},"end":{"line":156,"column":null}},"type":"binary-expr","locations":[{"start":{"line":153,"column":7},"end":{"line":153,"column":null}},{"start":{"line":154,"column":8},"end":{"line":156,"column":null}}],"line":153},"18":{"loc":{"start":{"line":161,"column":58},"end":{"line":161,"column":78}},"type":"default-arg","locations":[{"start":{"line":161,"column":65},"end":{"line":161,"column":78}}],"line":161},"19":{"loc":{"start":{"line":162,"column":2},"end":{"line":162,"column":null}},"type":"if","locations":[{"start":{"line":162,"column":2},"end":{"line":162,"column":null}},{"start":{},"end":{}}],"line":162},"20":{"loc":{"start":{"line":186,"column":18},"end":{"line":186,"column":null}},"type":"binary-expr","locations":[{"start":{"line":186,"column":18},"end":{"line":186,"column":25}},{"start":{"line":186,"column":25},"end":{"line":186,"column":null}}],"line":186},"21":{"loc":{"start":{"line":186,"column":25},"end":{"line":186,"column":null}},"type":"cond-expr","locations":[{"start":{"line":186,"column":33},"end":{"line":186,"column":73}},{"start":{"line":186,"column":76},"end":{"line":186,"column":null}}],"line":186},"22":{"loc":{"start":{"line":189,"column":7},"end":{"line":189,"column":null}},"type":"binary-expr","locations":[{"start":{"line":189,"column":7},"end":{"line":189,"column":16}},{"start":{"line":189,"column":16},"end":{"line":189,"column":null}}],"line":189},"23":{"loc":{"start":{"line":200,"column":7},"end":{"line":200,"column":null}},"type":"binary-expr","locations":[{"start":{"line":200,"column":7},"end":{"line":200,"column":16}},{"start":{"line":200,"column":16},"end":{"line":200,"column":null}}],"line":200},"24":{"loc":{"start":{"line":206,"column":19},"end":{"line":206,"column":null}},"type":"binary-expr","locations":[{"start":{"line":206,"column":19},"end":{"line":206,"column":26}},{"start":{"line":206,"column":26},"end":{"line":206,"column":null}}],"line":206},"25":{"loc":{"start":{"line":206,"column":26},"end":{"line":206,"column":null}},"type":"cond-expr","locations":[{"start":{"line":206,"column":34},"end":{"line":206,"column":74}},{"start":{"line":206,"column":77},"end":{"line":206,"column":null}}],"line":206},"26":{"loc":{"start":{"line":209,"column":7},"end":{"line":209,"column":null}},"type":"binary-expr","locations":[{"start":{"line":209,"column":7},"end":{"line":209,"column":16}},{"start":{"line":209,"column":16},"end":{"line":209,"column":null}}],"line":209},"27":{"loc":{"start":{"line":221,"column":7},"end":{"line":221,"column":null}},"type":"binary-expr","locations":[{"start":{"line":221,"column":7},"end":{"line":221,"column":16}},{"start":{"line":221,"column":16},"end":{"line":221,"column":null}}],"line":221},"28":{"loc":{"start":{"line":227,"column":17},"end":{"line":227,"column":null}},"type":"binary-expr","locations":[{"start":{"line":227,"column":17},"end":{"line":227,"column":24}},{"start":{"line":227,"column":24},"end":{"line":227,"column":null}}],"line":227},"29":{"loc":{"start":{"line":227,"column":24},"end":{"line":227,"column":null}},"type":"cond-expr","locations":[{"start":{"line":227,"column":32},"end":{"line":227,"column":72}},{"start":{"line":227,"column":75},"end":{"line":227,"column":null}}],"line":227},"30":{"loc":{"start":{"line":230,"column":7},"end":{"line":230,"column":null}},"type":"binary-expr","locations":[{"start":{"line":230,"column":7},"end":{"line":230,"column":16}},{"start":{"line":230,"column":16},"end":{"line":230,"column":null}}],"line":230},"31":{"loc":{"start":{"line":242,"column":7},"end":{"line":242,"column":null}},"type":"binary-expr","locations":[{"start":{"line":242,"column":7},"end":{"line":242,"column":16}},{"start":{"line":242,"column":16},"end":{"line":242,"column":null}}],"line":242},"32":{"loc":{"start":{"line":247,"column":29},"end":{"line":247,"column":38}},"type":"default-arg","locations":[{"start":{"line":247,"column":36},"end":{"line":247,"column":38}}],"line":247},"33":{"loc":{"start":{"line":249,"column":14},"end":{"line":249,"column":null}},"type":"binary-expr","locations":[{"start":{"line":249,"column":14},"end":{"line":249,"column":26}},{"start":{"line":249,"column":26},"end":{"line":249,"column":null}}],"line":249},"34":{"loc":{"start":{"line":250,"column":14},"end":{"line":250,"column":29}},"type":"binary-expr","locations":[{"start":{"line":250,"column":14},"end":{"line":250,"column":24}},{"start":{"line":250,"column":24},"end":{"line":250,"column":29}}],"line":250},"35":{"loc":{"start":{"line":254,"column":16},"end":{"line":254,"column":null}},"type":"binary-expr","locations":[{"start":{"line":254,"column":16},"end":{"line":254,"column":31}},{"start":{"line":254,"column":31},"end":{"line":254,"column":null}}],"line":254},"36":{"loc":{"start":{"line":270,"column":51},"end":{"line":270,"column":80}},"type":"binary-expr","locations":[{"start":{"line":270,"column":51},"end":{"line":270,"column":69}},{"start":{"line":270,"column":69},"end":{"line":270,"column":80}}],"line":270}},"s":{"0":4,"1":4,"2":2,"3":2,"4":2,"5":1,"6":4,"7":4,"8":4,"9":1,"10":2,"11":3,"12":3,"13":3,"14":2,"15":1,"16":1,"17":1,"18":1,"19":3,"20":3,"21":2,"22":2,"23":2,"24":2,"25":2,"26":3,"27":3,"28":3,"29":2,"30":2,"31":2,"32":2,"33":3,"34":3,"35":3,"36":3,"37":2,"38":3,"39":3,"40":3},"f":{"0":4,"1":2,"2":2,"3":1,"4":4,"5":1,"6":2,"7":3,"8":2,"9":1,"10":3,"11":2,"12":2,"13":2,"14":3,"15":3,"16":3},"b":{"0":[4],"1":[2,1],"2":[2,1],"3":[2,1],"4":[2,2],"5":[1,1],"6":[4,2],"7":[4,1],"8":[1,1],"9":[2],"10":[2],"11":[1,1],"12":[3],"13":[3],"14":[3],"15":[3],"16":[3,3],"17":[3,1],"18":[2],"19":[1,1],"20":[3,2],"21":[1,1],"22":[3,1],"23":[3,1],"24":[2,2],"25":[1,1],"26":[2,1],"27":[2,1],"28":[2,2],"29":[1,1],"30":[2,1],"31":[2,1],"32":[2],"33":[3,1],"34":[3,3],"35":[2,1],"36":[3,1]},"meta":{"lastBranch":37,"lastFunction":17,"lastStatement":41,"seen":{"f:4:16:4:31":0,"b:4:40:4:79":0,"s:5:18:5:Infinity":0,"s:6:2:12:Infinity":1,"f:17:16:17:29":1,"s:18:2:32:Infinity":2,"b:26:7:26:Infinity:27:8:32:Infinity":1,"f:40:16:40:27":2,"s:41:18:41:Infinity":3,"b:41:18:41:33:41:33:41:Infinity":2,"s:42:2:56:Infinity":4,"b:44:7:44:Infinity:45:8:48:Infinity":3,"b:51:7:51:Infinity:52:8:54:Infinity":4,"f:61:16:61:25":3,"s:62:2:79:Infinity":5,"b:73:11:73:Infinity:74:12:76:Infinity":5,"f:85:16:85:22":4,"s:86:79:101:Infinity":6,"s:102:12:102:Infinity":7,"b:102:12:102:40:102:40:102:Infinity":6,"s:103:2:107:Infinity":8,"b:106:7:106:33:106:37:106:Infinity":7,"f:111:16:111:27":5,"s:112:2:118:Infinity":9,"b:116:9:116:21:116:21:117:Infinity":8,"f:123:16:123:21":6,"b:123:45:123:49":9,"b:123:77:123:209":10,"s:124:2:131:Infinity":10,"b:126:76:126:130:126:130:126:142":11,"f:135:16:135:23":7,"b:135:45:135:56":12,"b:135:96:135:100":13,"b:135:107:135:117":14,"b:135:124:135:137":15,"s:136:22:136:Infinity":11,"s:137:19:143:Infinity":12,"s:145:2:156:Infinity":13,"b:149:16:149:28:149:28:149:Infinity":16,"b:153:7:153:Infinity:154:8:156:Infinity":17,"f:161:16:161:22":8,"b:161:65:161:78":18,"b:162:2:162:Infinity:undefined:undefined:undefined:undefined":19,"s:162:2:162:Infinity":14,"s:162:15:162:Infinity":15,"s:163:22:163:Infinity":16,"s:165:2:179:Infinity":17,"f:171:8:171:18":9,"s:171:24:171:43":18,"f:185:16:185:22":10,"s:186:18:186:Infinity":19,"b:186:18:186:25:186:25:186:Infinity":20,"b:186:33:186:73:186:76:186:Infinity":21,"s:187:2:200:Infinity":20,"b:189:7:189:16:189:16:189:Infinity":22,"b:200:7:200:16:200:16:200:Infinity":23,"f:205:16:205:23":11,"s:206:19:206:Infinity":21,"b:206:19:206:26:206:26:206:Infinity":24,"b:206:34:206:74:206:77:206:Infinity":25,"s:207:2:221:Infinity":22,"b:209:7:209:16:209:16:209:Infinity":26,"b:221:7:221:16:221:16:221:Infinity":27,"f:226:16:226:25":12,"s:227:17:227:Infinity":23,"b:227:17:227:24:227:24:227:Infinity":28,"b:227:32:227:72:227:75:227:Infinity":29,"s:228:2:242:Infinity":24,"b:230:7:230:16:230:16:230:Infinity":30,"b:242:7:242:16:242:16:242:Infinity":31,"f:247:16:247:27":13,"b:247:36:247:38":32,"s:248:16:252:8":25,"f:248:21:248:29":14,"s:249:14:249:Infinity":26,"b:249:14:249:26:249:26:249:Infinity":33,"s:250:4:250:Infinity":27,"b:250:14:250:24:250:24:250:29":34,"s:251:4:251:Infinity":28,"s:254:16:254:Infinity":29,"b:254:16:254:31:254:31:254:Infinity":35,"s:255:41:263:Infinity":30,"s:265:23:265:Infinity":31,"s:266:17:271:Infinity":32,"f:266:39:266:44":15,"s:267:21:267:Infinity":33,"s:268:18:268:Infinity":34,"s:269:4:269:Infinity":35,"s:270:4:270:Infinity":36,"b:270:51:270:69:270:69:270:80":36,"s:273:2:293:Infinity":37,"f:275:14:275:19":16,"s:276:32:276:Infinity":38,"s:277:33:277:Infinity":39,"s:278:8:290:Infinity":40}}}
}
